0 info it worked if it ends with ok
1 verbose cli [ '/usr/local/bin/node',
1 verbose cli   '/usr/local/bin/npm',
1 verbose cli   'install',
1 verbose cli   'particles.js' ]
2 info using npm@3.10.10
3 info using node@v6.15.1
4 silly loadCurrentTree Starting
5 silly install loadCurrentTree
6 silly install readLocalPackageData
7 silly fetchPackageMetaData particles.js
8 silly fetchOtherPackageData particles.js
9 silly cache add args [ 'particles.js', null ]
10 verbose cache add spec particles.js
11 silly cache add parsed spec Result {
11 silly cache add   raw: 'particles.js',
11 silly cache add   scope: null,
11 silly cache add   escapedName: 'particles.js',
11 silly cache add   name: null,
11 silly cache add   rawSpec: 'particles.js',
11 silly cache add   spec: '/Users/szef/Documents/projekty/Portfolio/particles.js',
11 silly cache add   type: 'local' }
12 silly addLocalTarball shasum (computed) 6d41b2dfd94b9b8e8b96b95d1258f57efb11aada
13 verbose addTmpTarball /Users/szef/Documents/projekty/Portfolio/particles.js not in flight; adding
14 verbose correctMkdir /Users/szef/.npm correctMkdir not in flight; initializing
15 verbose addTmpTarball validating metadata from /Users/szef/Documents/projekty/Portfolio/particles.js
16 verbose tar unpack /Users/szef/Documents/projekty/Portfolio/particles.js
17 verbose tar unpacking to /var/folders/tq/1cpnkc2579xf5wqyg7fbhxd00000gn/T/npm-16485-b1d2ef92/unpack-c229f0aa
18 silly gentlyRm /var/folders/tq/1cpnkc2579xf5wqyg7fbhxd00000gn/T/npm-16485-b1d2ef92/unpack-c229f0aa is being purged
19 verbose gentlyRm don't care about contents; nuking /var/folders/tq/1cpnkc2579xf5wqyg7fbhxd00000gn/T/npm-16485-b1d2ef92/unpack-c229f0aa
20 silly gunzTarPerm modes [ '755', '644' ]
21 error not a package /Users/szef/Documents/projekty/Portfolio/particles.js
22 error addLocal Could not install /Users/szef/Documents/projekty/Portfolio/particles.js
23 silly fetchPackageMetaData Error: ENOENT: no such file or directory, open '/var/folders/tq/1cpnkc2579xf5wqyg7fbhxd00000gn/T/npm-16485-b1d2ef92/unpack-c229f0aa/package.json'
23 silly fetchPackageMetaData     at Error (native)
23 silly fetchPackageMetaData  error for particles.js { Error: ENOENT: no such file or directory, open '/var/folders/tq/1cpnkc2579xf5wqyg7fbhxd00000gn/T/npm-16485-b1d2ef92/unpack-c229f0aa/package.json'
23 silly fetchPackageMetaData     at Error (native)
23 silly fetchPackageMetaData   errno: -2,
23 silly fetchPackageMetaData   code: 'ENOENT',
23 silly fetchPackageMetaData   syscall: 'open',
23 silly fetchPackageMetaData   path: '/var/folders/tq/1cpnkc2579xf5wqyg7fbhxd00000gn/T/npm-16485-b1d2ef92/unpack-c229f0aa/package.json' }
24 silly rollbackFailedOptional Starting
25 silly rollbackFailedOptional Finishing
26 silly runTopLevelLifecycles Finishing
27 silly install printInstalled
28 verbose stack Error: ENOENT: no such file or directory, open '/var/folders/tq/1cpnkc2579xf5wqyg7fbhxd00000gn/T/npm-16485-b1d2ef92/unpack-c229f0aa/package.json'
28 verbose stack     at Error (native)
29 verbose cwd /Users/szef/Documents/projekty/Portfolio
30 error Darwin 18.2.0
31 error argv "/usr/local/bin/node" "/usr/local/bin/npm" "install" "particles.js"
32 error node v6.15.1
33 error npm  v3.10.10
34 error path /var/folders/tq/1cpnkc2579xf5wqyg7fbhxd00000gn/T/npm-16485-b1d2ef92/unpack-c229f0aa/package.json
35 error code ENOENT
36 error errno -2
37 error syscall open
38 error enoent ENOENT: no such file or directory, open '/var/folders/tq/1cpnkc2579xf5wqyg7fbhxd00000gn/T/npm-16485-b1d2ef92/unpack-c229f0aa/package.json'
39 error enoent ENOENT: no such file or directory, open '/var/folders/tq/1cpnkc2579xf5wqyg7fbhxd00000gn/T/npm-16485-b1d2ef92/unpack-c229f0aa/package.json'
39 error enoent This is most likely not a problem with npm itself
39 error enoent and is related to npm not being able to find a file.
40 verbose exit [ -2, true ]
